android/app/build/intermediates/manifest_merge_blame_file/debug/processDebugMainManifest/manifest-merger-blame-debug-report.txt
1<?xml version="1.0" encoding="utf-8"?>
2<manifest xmlns:android="http://schemas.android.com/apk/res/android"
3    package="com.daureexpress.cliente"
4    android:versionCode="1"
5    android:versionName="1.0" >
6
7    <uses-sdk
8        android:minSdkVersion="24"
9        android:targetSdkVersion="36" />
10
11    <!-- Permissions -->
12
13    <uses-permission android:name="android.permission.INTERNET" />
13-->src\main\AndroidManifest.xml:40:5-67
13-->src\main\AndroidManifest.xml:40:22-64
14    <uses-permission android:name="android.permission.RECEIVE_BOOT_COMPLETED" />
14-->[:capacitor-local-notifications] AndroidManifest.xml:7:5-81
14-->[:capacitor-local-notifications] AndroidManifest.xml:7:22-78
15    <uses-permission android:name="android.permission.WAKE_LOCK" />
15-->[:capacitor-local-notifications] AndroidManifest.xml:8:5-68
15-->[:capacitor-local-notifications] AndroidManifest.xml:8:22-65
16    <uses-permission android:name="android.permission.POST_NOTIFICATIONS" />
16-->[:capacitor-local-notifications] AndroidManifest.xml:9:5-77
16-->[:capacitor-local-notifications] AndroidManifest.xml:9:22-74
17    <uses-permission android:name="android.permission.ACCESS_NETWORK_STATE" /> <!-- Required by older versions of Google Play services to create IID tokens -->
17-->[com.google.firebase:firebase-messaging:25.0.1] AndroidManifest.xml:22:5-79
17-->[com.google.firebase:firebase-messaging:25.0.1] AndroidManifest.xml:22:22-76
18    <uses-permission android:name="com.google.android.c2dm.permission.RECEIVE" />
18-->[com.google.firebase:firebase-messaging:25.0.1] AndroidManifest.xml:26:5-82
18-->[com.google.firebase:firebase-messaging:25.0.1] AndroidManifest.xml:26:22-79
19
20    <permission
20-->[androidx.core:core:1.17.0] AndroidManifest.xml:22:5-24:47
21        android:name="com.daureexpress.cliente.DYNAMIC_RECEIVER_NOT_EXPORTED_PERMISSION"
21-->[androidx.core:core:1.17.0] AndroidManifest.xml:23:9-81
22        android:protectionLevel="signature" />
22-->[androidx.core:core:1.17.0] AndroidManifest.xml:24:9-44
23
24    <uses-permission android:name="com.daureexpress.cliente.DYNAMIC_RECEIVER_NOT_EXPORTED_PERMISSION" />
24-->[androidx.core:core:1.17.0] AndroidManifest.xml:26:5-97
24-->[androidx.core:core:1.17.0] AndroidManifest.xml:26:22-94
25
26    <application
26-->src\main\AndroidManifest.xml:4:5-36:19
27        android:allowBackup="true"
27-->src\main\AndroidManifest.xml:5:9-35
28        android:appComponentFactory="androidx.core.app.CoreComponentFactory"
28-->[androidx.core:core:1.17.0] AndroidManifest.xml:28:18-86
29        android:debuggable="true"
30        android:extractNativeLibs="false"
31        android:icon="@mipmap/ic_launcher"
31-->src\main\AndroidManifest.xml:6:9-43
32        android:label="@string/app_name"
32-->src\main\AndroidManifest.xml:7:9-41
33        android:roundIcon="@mipmap/ic_launcher_round"
33-->src\main\AndroidManifest.xml:8:9-54
34        android:supportsRtl="true"
34-->src\main\AndroidManifest.xml:9:9-35
35        android:theme="@style/AppTheme" >
35-->src\main\AndroidManifest.xml:10:9-40
36        <activity
36-->src\main\AndroidManifest.xml:12:9-25:20
37            android:name="com.daureexpress.app.MainActivity"
37-->src\main\AndroidManifest.xml:14:13-41
38            android:configChanges="orientation|keyboardHidden|keyboard|screenSize|locale|smallestScreenSize|screenLayout|uiMode|navigation|density"
38-->src\main\AndroidManifest.xml:13:13-148
39            android:exported="true"
39-->src\main\AndroidManifest.xml:18:13-36
40            android:label="@string/title_activity_main"
40-->src\main\AndroidManifest.xml:15:13-56
41            android:launchMode="singleTask"
41-->src\main\AndroidManifest.xml:17:13-44
42            android:theme="@style/AppTheme.NoActionBarLaunch" >
42-->src\main\AndroidManifest.xml:16:13-62
43            <intent-filter>
43-->src\main\AndroidManifest.xml:20:13-23:29
44                <action android:name="android.intent.action.MAIN" />
44-->src\main\AndroidManifest.xml:21:17-69
44-->src\main\AndroidManifest.xml:21:25-66
45
46                <category android:name="android.intent.category.LAUNCHER" />
46-->src\main\AndroidManifest.xml:22:17-77
46-->src\main\AndroidManifest.xml:22:27-74
47            </intent-filter>
48        </activity>
49
50        <provider
51            android:name="androidx.core.content.FileProvider"
51-->src\main\AndroidManifest.xml:28:13-62
52            android:authorities="com.daureexpress.cliente.fileprovider"
52-->src\main\AndroidManifest.xml:29:13-64
53            android:exported="false"
53-->src\main\AndroidManifest.xml:30:13-37
54            android:grantUriPermissions="true" >
54-->src\main\AndroidManifest.xml:31:13-47
55            <meta-data
55-->src\main\AndroidManifest.xml:32:13-34:64
56                android:name="android.support.FILE_PROVIDER_PATHS"
56-->src\main\AndroidManifest.xml:33:17-67
57                android:resource="@xml/file_paths" />
57-->src\main\AndroidManifest.xml:34:17-51
58        </provider>
59
60        <receiver android:name="com.capacitorjs.plugins.localnotifications.TimedNotificationPublisher" />
60-->[:capacitor-local-notifications] AndroidManifest.xml:12:9-106
60-->[:capacitor-local-notifications] AndroidManifest.xml:12:19-103
61        <receiver android:name="com.capacitorjs.plugins.localnotifications.NotificationDismissReceiver" />
61-->[:capacitor-local-notifications] AndroidManifest.xml:13:9-107
61-->[:capacitor-local-notifications] AndroidManifest.xml:13:19-104
62        <receiver
62-->[:capacitor-local-notifications] AndroidManifest.xml:14:9-23:20
63            android:name="com.capacitorjs.plugins.localnotifications.LocalNotificationRestoreReceiver"
63-->[:capacitor-local-notifications] AndroidManifest.xml:15:13-103
64            android:directBootAware="true"
64-->[:capacitor-local-notifications] AndroidManifest.xml:16:13-43
65            android:exported="false" >
65-->[:capacitor-local-notifications] AndroidManifest.xml:17:13-37
66            <intent-filter>
66-->[:capacitor-local-notifications] AndroidManifest.xml:18:13-22:29
67                <action android:name="android.intent.action.LOCKED_BOOT_COMPLETED" />
67-->[:capacitor-local-notifications] AndroidManifest.xml:19:17-86
67-->[:capacitor-local-notifications] AndroidManifest.xml:19:25-83
68                <action android:name="android.intent.action.BOOT_COMPLETED" />
68-->[:capacitor-local-notifications] AndroidManifest.xml:20:17-79
68-->[:capacitor-local-notifications] AndroidManifest.xml:20:25-76
69                <action android:name="android.intent.action.QUICKBOOT_POWERON" />
69-->[:capacitor-local-notifications] AndroidManifest.xml:21:17-82
69-->[:capacitor-local-notifications] AndroidManifest.xml:21:25-79
70            </intent-filter>
71        </receiver>
72
73        <service
73-->[:capacitor-push-notifications] AndroidManifest.xml:8:9-14:19
74            android:name="com.capacitorjs.plugins.pushnotifications.MessagingService"
74-->[:capacitor-push-notifications] AndroidManifest.xml:9:13-86
75            android:exported="false" >
75-->[:capacitor-push-notifications] AndroidManifest.xml:10:13-37
76            <intent-filter>
76-->[:capacitor-push-notifications] AndroidManifest.xml:11:13-13:29
77                <action android:name="com.google.firebase.MESSAGING_EVENT" />
77-->[:capacitor-push-notifications] AndroidManifest.xml:12:17-78
77-->[:capacitor-push-notifications] AndroidManifest.xml:12:25-75
78            </intent-filter>
79        </service>
80
81        <receiver
81-->[com.google.firebase:firebase-messaging:25.0.1] AndroidManifest.xml:29:9-40:20
82            android:name="com.google.firebase.iid.FirebaseInstanceIdReceiver"
82-->[com.google.firebase:firebase-messaging:25.0.1] AndroidManifest.xml:30:13-78
83            android:exported="true"
83-->[com.google.firebase:firebase-messaging:25.0.1] AndroidManifest.xml:31:13-36
84            android:permission="com.google.android.c2dm.permission.SEND" >
84-->[com.google.firebase:firebase-messaging:25.0.1] AndroidManifest.xml:32:13-73
85            <intent-filter>
85-->[com.google.firebase:firebase-messaging:25.0.1] AndroidManifest.xml:33:13-35:29
86                <action android:name="com.google.android.c2dm.intent.RECEIVE" />
86-->[com.google.firebase:firebase-messaging:25.0.1] AndroidManifest.xml:34:17-81
86-->[com.google.firebase:firebase-messaging:25.0.1] AndroidManifest.xml:34:25-78
87            </intent-filter>
88
89            <meta-data
89-->[com.google.firebase:firebase-messaging:25.0.1] AndroidManifest.xml:37:13-39:40
90                android:name="com.google.android.gms.cloudmessaging.FINISHED_AFTER_HANDLED"
90-->[com.google.firebase:firebase-messaging:25.0.1] AndroidManifest.xml:38:17-92
91                android:value="true" />
91-->[com.google.firebase:firebase-messaging:25.0.1] AndroidManifest.xml:39:17-37
92        </receiver>
93        <!--
94             FirebaseMessagingService performs security checks at runtime,
95             but set to not exported to explicitly avoid allowing another app to call it.
96        -->
97        <service
97-->[com.google.firebase:firebase-messaging:25.0.1] AndroidManifest.xml:46:9-53:19
98            android:name="com.google.firebase.messaging.FirebaseMessagingService"
98-->[com.google.firebase:firebase-messaging:25.0.1] AndroidManifest.xml:47:13-82
99            android:directBootAware="true"
99-->[com.google.firebase:firebase-messaging:25.0.1] AndroidManifest.xml:48:13-43
100            android:exported="false" >
100-->[com.google.firebase:firebase-messaging:25.0.1] AndroidManifest.xml:49:13-37
101            <intent-filter android:priority="-500" >
101-->[:capacitor-push-notifications] AndroidManifest.xml:11:13-13:29
102                <action android:name="com.google.firebase.MESSAGING_EVENT" />
102-->[:capacitor-push-notifications] AndroidManifest.xml:12:17-78
102-->[:capacitor-push-notifications] AndroidManifest.xml:12:25-75
103            </intent-filter>
104        </service>
105        <service
105-->[com.google.firebase:firebase-messaging:25.0.1] AndroidManifest.xml:54:9-63:19
106            android:name="com.google.firebase.components.ComponentDiscoveryService"
106-->[com.google.firebase:firebase-messaging:25.0.1] AndroidManifest.xml:55:13-84
107            android:directBootAware="true"
107-->[com.google.firebase:firebase-common:22.0.1] AndroidManifest.xml:32:13-43
108            android:exported="false" >
108-->[com.google.firebase:firebase-messaging:25.0.1] AndroidManifest.xml:56:13-37
109            <meta-data
109-->[com.google.firebase:firebase-messaging:25.0.1] AndroidManifest.xml:57:13-59:85
110                android:name="com.google.firebase.components:com.google.firebase.messaging.FirebaseMessagingKtxRegistrar"
110-->[com.google.firebase:firebase-messaging:25.0.1] AndroidManifest.xml:58:17-122
111                android:value="com.google.firebase.components.ComponentRegistrar" />
111-->[com.google.firebase:firebase-messaging:25.0.1] AndroidManifest.xml:59:17-82
112            <meta-data
112-->[com.google.firebase:firebase-messaging:25.0.1] AndroidManifest.xml:60:13-62:85
113                android:name="com.google.firebase.components:com.google.firebase.messaging.FirebaseMessagingRegistrar"
113-->[com.google.firebase:firebase-messaging:25.0.1] AndroidManifest.xml:61:17-119
114                android:value="com.google.firebase.components.ComponentRegistrar" />
114-->[com.google.firebase:firebase-messaging:25.0.1] AndroidManifest.xml:62:17-82
115            <meta-data
115-->[com.google.firebase:firebase-installations:18.0.0] AndroidManifest.xml:15:13-17:85
116                android:name="com.google.firebase.components:com.google.firebase.installations.FirebaseInstallationsKtxRegistrar"
116-->[com.google.firebase:firebase-installations:18.0.0] AndroidManifest.xml:16:17-130
117                android:value="com.google.firebase.components.ComponentRegistrar" />
117-->[com.google.firebase:firebase-installations:18.0.0] AndroidManifest.xml:17:17-82
118            <meta-data
118-->[com.google.firebase:firebase-installations:18.0.0] AndroidManifest.xml:18:13-20:85
119                android:name="com.google.firebase.components:com.google.firebase.installations.FirebaseInstallationsRegistrar"
119-->[com.google.firebase:firebase-installations:18.0.0] AndroidManifest.xml:19:17-127
120                android:value="com.google.firebase.components.ComponentRegistrar" />
120-->[com.google.firebase:firebase-installations:18.0.0] AndroidManifest.xml:20:17-82
121            <meta-data
121-->[com.google.firebase:firebase-common:22.0.1] AndroidManifest.xml:35:13-37:85
122                android:name="com.google.firebase.components:com.google.firebase.FirebaseCommonKtxRegistrar"
122-->[com.google.firebase:firebase-common:22.0.1] AndroidManifest.xml:36:17-109
123                android:value="com.google.firebase.components.ComponentRegistrar" />
123-->[com.google.firebase:firebase-common:22.0.1] AndroidManifest.xml:37:17-82
124            <meta-data
124-->[com.google.firebase:firebase-datatransport:18.2.0] AndroidManifest.xml:25:13-27:85
125                android:name="com.google.firebase.components:com.google.firebase.datatransport.TransportRegistrar"
125-->[com.google.firebase:firebase-datatransport:18.2.0] AndroidManifest.xml:26:17-115
126                android:value="com.google.firebase.components.ComponentRegistrar" />
126-->[com.google.firebase:firebase-datatransport:18.2.0] AndroidManifest.xml:27:17-82
127        </service>
128
129        <activity
129-->[com.google.android.gms:play-services-base:18.1.0] AndroidManifest.xml:20:9-22:45
130            android:name="com.google.android.gms.common.api.GoogleApiActivity"
130-->[com.google.android.gms:play-services-base:18.1.0] AndroidManifest.xml:20:19-85
131            android:exported="false"
131-->[com.google.android.gms:play-services-base:18.1.0] AndroidManifest.xml:22:19-43
132            android:theme="@android:style/Theme.Translucent.NoTitleBar" />
132-->[com.google.android.gms:play-services-base:18.1.0] AndroidManifest.xml:21:19-78
133
134        <provider
134-->[com.google.firebase:firebase-common:22.0.1] AndroidManifest.xml:23:9-28:39
135            android:name="com.google.firebase.provider.FirebaseInitProvider"
135-->[com.google.firebase:firebase-common:22.0.1] AndroidManifest.xml:24:13-77
136            android:authorities="com.daureexpress.cliente.firebaseinitprovider"
136-->[com.google.firebase:firebase-common:22.0.1] AndroidManifest.xml:25:13-72
137            android:directBootAware="true"
137-->[com.google.firebase:firebase-common:22.0.1] AndroidManifest.xml:26:13-43
138            android:exported="false"
138-->[com.google.firebase:firebase-common:22.0.1] AndroidManifest.xml:27:13-37
139            android:initOrder="100" />
139-->[com.google.firebase:firebase-common:22.0.1] AndroidManifest.xml:28:13-36
140        <provider
140-->[androidx.emoji2:emoji2:1.3.0] AndroidManifest.xml:24:9-32:20
141            android:name="androidx.startup.InitializationProvider"
141-->[androidx.emoji2:emoji2:1.3.0] AndroidManifest.xml:25:13-67
142            android:authorities="com.daureexpress.cliente.androidx-startup"
142-->[androidx.emoji2:emoji2:1.3.0] AndroidManifest.xml:26:13-68
143            android:exported="false" >
143-->[androidx.emoji2:emoji2:1.3.0] AndroidManifest.xml:27:13-37
144            <meta-data
144-->[androidx.emoji2:emoji2:1.3.0] AndroidManifest.xml:29:13-31:52
145                android:name="androidx.emoji2.text.EmojiCompatInitializer"
145-->[androidx.emoji2:emoji2:1.3.0] AndroidManifest.xml:30:17-75
146                android:value="androidx.startup" />
146-->[androidx.emoji2:emoji2:1.3.0] AndroidManifest.xml:31:17-49
147            <meta-data
147-->[androidx.lifecycle:lifecycle-process:2.6.2] AndroidManifest.xml:29:13-31:52
148                android:name="androidx.lifecycle.ProcessLifecycleInitializer"
148-->[androidx.lifecycle:lifecycle-process:2.6.2] AndroidManifest.xml:30:17-78
149                android:value="androidx.startup" />
149-->[androidx.lifecycle:lifecycle-process:2.6.2] AndroidManifest.xml:31:17-49
150            <meta-data
150-->[androidx.profileinstaller:profileinstaller:1.4.0] AndroidManifest.xml:29:13-31:52
151                android:name="androidx.profileinstaller.ProfileInstallerInitializer"
151-->[androidx.profileinstaller:profileinstaller:1.4.0] AndroidManifest.xml:30:17-85
152                android:value="androidx.startup" />
152-->[androidx.profileinstaller:profileinstaller:1.4.0] AndroidManifest.xml:31:17-49
153        </provider>
154
155        <meta-data
155-->[com.google.android.gms:play-services-basement:18.3.0] AndroidManifest.xml:21:9-23:69
156            android:name="com.google.android.gms.version"
156-->[com.google.android.gms:play-services-basement:18.3.0] AndroidManifest.xml:22:13-58
157            android:value="@integer/google_play_services_version" />
157-->[com.google.android.gms:play-services-basement:18.3.0] AndroidManifest.xml:23:13-66
158
159        <receiver
159-->[androidx.profileinstaller:profileinstaller:1.4.0] AndroidManifest.xml:34:9-52:20
160            android:name="androidx.profileinstaller.ProfileInstallReceiver"
160-->[androidx.profileinstaller:profileinstaller:1.4.0] AndroidManifest.xml:35:13-76
161            android:directBootAware="false"
161-->[androidx.profileinstaller:profileinstaller:1.4.0] AndroidManifest.xml:36:13-44
162            android:enabled="true"
162-->[androidx.profileinstaller:profileinstaller:1.4.0] AndroidManifest.xml:37:13-35
163            android:exported="true"
163-->[androidx.profileinstaller:profileinstaller:1.4.0] AndroidManifest.xml:38:13-36
164            android:permission="android.permission.DUMP" >
164-->[androidx.profileinstaller:profileinstaller:1.4.0] AndroidManifest.xml:39:13-57
165            <intent-filter>
165-->[androidx.profileinstaller:profileinstaller:1.4.0] AndroidManifest.xml:40:13-42:29
166                <action android:name="androidx.profileinstaller.action.INSTALL_PROFILE" />
166-->[androidx.profileinstaller:profileinstaller:1.4.0] AndroidManifest.xml:41:17-91
166-->[androidx.profileinstaller:profileinstaller:1.4.0] AndroidManifest.xml:41:25-88
167            </intent-filter>
168            <intent-filter>
168-->[androidx.profileinstaller:profileinstaller:1.4.0] AndroidManifest.xml:43:13-45:29
169                <action android:name="androidx.profileinstaller.action.SKIP_FILE" />
169-->[androidx.profileinstaller:profileinstaller:1.4.0] AndroidManifest.xml:44:17-85
169-->[androidx.profileinstaller:profileinstaller:1.4.0] AndroidManifest.xml:44:25-82
170            </intent-filter>
171            <intent-filter>
171-->[androidx.profileinstaller:profileinstaller:1.4.0] AndroidManifest.xml:46:13-48:29
172                <action android:name="androidx.profileinstaller.action.SAVE_PROFILE" />
172-->[androidx.profileinstaller:profileinstaller:1.4.0] AndroidManifest.xml:47:17-88
172-->[androidx.profileinstaller:profileinstaller:1.4.0] AndroidManifest.xml:47:25-85
173            </intent-filter>
174            <intent-filter>
174-->[androidx.profileinstaller:profileinstaller:1.4.0] AndroidManifest.xml:49:13-51:29
175                <action android:name="androidx.profileinstaller.action.BENCHMARK_OPERATION" />
175-->[androidx.profileinstaller:profileinstaller:1.4.0] AndroidManifest.xml:50:17-95
175-->[androidx.profileinstaller:profileinstaller:1.4.0] AndroidManifest.xml:50:25-92
176            </intent-filter>
177        </receiver>
178
179        <service
179-->[com.google.android.datatransport:transport-backend-cct:3.1.9] AndroidManifest.xml:28:9-34:19
180            android:name="com.google.android.datatransport.runtime.backends.TransportBackendDiscovery"
180-->[com.google.android.datatransport:transport-backend-cct:3.1.9] AndroidManifest.xml:29:13-103
181            android:exported="false" >
181-->[com.google.android.datatransport:transport-backend-cct:3.1.9] AndroidManifest.xml:30:13-37
182            <meta-data
182-->[com.google.android.datatransport:transport-backend-cct:3.1.9] AndroidManifest.xml:31:13-33:39
183                android:name="backend:com.google.android.datatransport.cct.CctBackendFactory"
183-->[com.google.android.datatransport:transport-backend-cct:3.1.9] AndroidManifest.xml:32:17-94
184                android:value="cct" />
184-->[com.google.android.datatransport:transport-backend-cct:3.1.9] AndroidManifest.xml:33:17-36
185        </service>
186        <service
186-->[com.google.android.datatransport:transport-runtime:3.1.9] AndroidManifest.xml:26:9-30:19
187            android:name="com.google.android.datatransport.runtime.scheduling.jobscheduling.JobInfoSchedulerService"
187-->[com.google.android.datatransport:transport-runtime:3.1.9] AndroidManifest.xml:27:13-117
188            android:exported="false"
188-->[com.google.android.datatransport:transport-runtime:3.1.9] AndroidManifest.xml:28:13-37
189            android:permission="android.permission.BIND_JOB_SERVICE" >
189-->[com.google.android.datatransport:transport-runtime:3.1.9] AndroidManifest.xml:29:13-69
190        </service>
191
192        <receiver
192-->[com.google.android.datatransport:transport-runtime:3.1.9] AndroidManifest.xml:32:9-34:40
193            android:name="com.google.android.datatransport.runtime.scheduling.jobscheduling.AlarmManagerSchedulerBroadcastReceiver"
193-->[com.google.android.datatransport:transport-runtime:3.1.9] AndroidManifest.xml:33:13-132
194            android:exported="false" />
194-->[com.google.android.datatransport:transport-runtime:3.1.9] AndroidManifest.xml:34:13-37
195    </application>
196
197</manifest>